
{"level":"info","time":"2024-04-30T10:40:40+05:30","message":"Logger Initialized"}
{"level":"info","time":"2024-04-30T10:40:40+05:30","message":"Entered in Short Fuction"}
{"level":"error","time":"2024-04-30T10:40:40+05:30","message":"Got wrong method for MakeShort requestGET"}
{"level":"info","time":"2024-04-30T10:40:40+05:30","message":"Entered in Short Fuction"}
{"level":"error","time":"2024-04-30T10:40:40+05:30","message":"Got invalid URL parse \"ht/w.youtube.com/watch?v=MDy7JQN5MN4\": invalid URI for request"}
{"level":"info","time":"2024-04-30T10:40:40+05:30","message":"Entered in Short Fuction"}
{"level":"debug","time":"2024-04-30T10:40:40+05:30","message":"Recieved a key of type string from GenerateURLString"}
{"level":"info","time":"2024-04-30T10:40:40+05:30","message":"Exited from Short Fuction"}
{"level":"info","time":"2024-04-30T10:40:40+05:30","message":"Entered in Short Fuction"}
{"level":"info","time":"2024-04-30T10:40:40+05:30","message":"Exited from Short Fuction"}

{"level":"info","time":"2024-04-30T10:40:50+05:30","message":"Logger Initialized"}
{"level":"info","time":"2024-04-30T10:40:50+05:30","message":"Entered in Short Fuction"}
{"level":"error","time":"2024-04-30T10:40:50+05:30","message":"Got wrong method for MakeShort requestGET"}
{"level":"info","time":"2024-04-30T10:40:50+05:30","message":"Entered in Short Fuction"}
{"level":"error","time":"2024-04-30T10:40:50+05:30","message":"Got invalid URL parse \"ht/w.youtube.com/watch?v=MDy7JQN5MN4\": invalid URI for request"}
{"level":"info","time":"2024-04-30T10:40:50+05:30","message":"Entered in Short Fuction"}
{"level":"debug","time":"2024-04-30T10:40:50+05:30","message":"Recieved a key of type string from GenerateURLString"}
{"level":"info","time":"2024-04-30T10:40:50+05:30","message":"Exited from Short Fuction"}
{"level":"info","time":"2024-04-30T10:40:50+05:30","message":"Entered in Short Fuction"}
{"level":"info","time":"2024-04-30T10:40:50+05:30","message":"Exited from Short Fuction"}

{"level":"info","time":"2024-04-30T10:41:23+05:30","message":"Logger Initialized"}
{"level":"info","time":"2024-04-30T10:41:23+05:30","message":"Entered in Short Fuction"}
{"level":"error","time":"2024-04-30T10:41:23+05:30","message":"Got wrong method for MakeShort requestGET"}
{"level":"info","time":"2024-04-30T10:41:23+05:30","message":"Entered in Short Fuction"}
{"level":"error","time":"2024-04-30T10:41:23+05:30","message":"Got invalid URL parse \"ht/w.youtube.com/watch?v=MDy7JQN5MN4\": invalid URI for request"}
{"level":"info","time":"2024-04-30T10:41:23+05:30","message":"Entered in Short Fuction"}
{"level":"debug","time":"2024-04-30T10:41:23+05:30","message":"Recieved a key of type string from GenerateURLString"}
{"level":"info","time":"2024-04-30T10:41:23+05:30","message":"Exited from Short Fuction"}
{"level":"info","time":"2024-04-30T10:41:23+05:30","message":"Entered in Short Fuction"}
{"level":"info","time":"2024-04-30T10:41:23+05:30","message":"Exited from Short Fuction"}

{"level":"info","time":"2024-04-30T10:41:31+05:30","message":"Logger Initialized"}
{"level":"info","time":"2024-04-30T10:41:31+05:30","message":"Entered in Short Fuction"}
{"level":"error","time":"2024-04-30T10:41:31+05:30","message":"Got wrong method for MakeShort requestGET"}
{"level":"info","time":"2024-04-30T10:41:31+05:30","message":"Entered in Short Fuction"}
{"level":"error","time":"2024-04-30T10:41:31+05:30","message":"Got invalid URL parse \"ht/w.youtube.com/watch?v=MDy7JQN5MN4\": invalid URI for request"}
{"level":"info","time":"2024-04-30T10:41:31+05:30","message":"Entered in Short Fuction"}
{"level":"debug","time":"2024-04-30T10:41:31+05:30","message":"Recieved a key of type string from GenerateURLString"}
{"level":"info","time":"2024-04-30T10:41:31+05:30","message":"Exited from Short Fuction"}
{"level":"info","time":"2024-04-30T10:41:31+05:30","message":"Entered in Short Fuction"}
{"level":"info","time":"2024-04-30T10:41:31+05:30","message":"Exited from Short Fuction"}

{"level":"info","time":"2024-04-30T15:30:03+05:30","message":"Logger Initialized"}
{"level":"info","time":"2024-04-30T15:30:03+05:30","message":"Entered in Short Fuction"}
{"level":"error","time":"2024-04-30T15:30:03+05:30","message":"Got wrong method for MakeShort requestGET"}
{"level":"info","time":"2024-04-30T15:30:03+05:30","message":"Entered in Short Fuction"}
{"level":"error","time":"2024-04-30T15:30:03+05:30","message":"Got invalid URL parse \"ht/w.youtube.com/watch?v=MDy7JQN5MN4\": invalid URI for request"}
{"level":"info","time":"2024-04-30T15:30:03+05:30","message":"Entered in Short Fuction"}
{"level":"debug","time":"2024-04-30T15:30:03+05:30","message":"Recieved a key of type string from GenerateURLString"}
{"level":"info","time":"2024-04-30T15:30:03+05:30","message":"Exited from Short Fuction"}
{"level":"info","time":"2024-04-30T15:30:03+05:30","message":"Entered in Short Fuction"}
{"level":"info","time":"2024-04-30T15:30:03+05:30","message":"Exited from Short Fuction"}

{"level":"info","time":"2024-05-02T15:36:10+05:30","message":"Logger Initialized"}
